\BOOKMARK [0][-]{chapter.1}{\376\377\000D\000y\000n\000a\000m\000i\000c\000\040\000T\000i\000m\000e\000\040\000W\000a\000r\000p\000i\000n\000g\000\040\000b\000a\000s\000e\000d\000\040\000H\000i\000e\000r\000a\000r\000c\000h\000i\000c\000a\000l\000\040\000A\000g\000g\000l\000o\000m\000e\000r\000a\000t\000i\000v\000e\000\040\000C\000l\000u\000s\000t\000e\000r\000i\000n\000g}{}% 1
\BOOKMARK [0][-]{chapter.2}{\376\377\000I\000n\000s\000t\000a\000l\000l\000a\000t\000i\000o\000n}{}% 2
\BOOKMARK [1][-]{section.2.1}{\376\377\000R\000e\000q\000u\000i\000r\000e\000m\000e\000n\000t\000s}{chapter.2}% 3
\BOOKMARK [1][-]{section.2.2}{\376\377\000I\000n\000s\000t\000a\000l\000l\000\040\000f\000r\000o\000m\000\040\000P\000y\000P\000I}{chapter.2}% 4
\BOOKMARK [0][-]{chapter.3}{\376\377\000S\000i\000g\000n\000a\000l\000\040\000A\000n\000a\000l\000y\000s\000i\000s}{}% 5
\BOOKMARK [1][-]{section.3.1}{\376\377\000C\000r\000e\000a\000t\000e\000\040\000s\000i\000g\000n\000a\000l\000s\000\040\000f\000o\000r\000\040\000a\000n\000a\000l\000y\000s\000i\000s}{chapter.3}% 6
\BOOKMARK [1][-]{section.3.2}{\376\377\000I\000n\000s\000p\000e\000c\000t\000\040\000t\000h\000e\000\040\000D\000T\000W\000\040\000d\000i\000s\000t\000a\000n\000c\000e\000\040\000b\000e\000t\000w\000e\000e\000n\000\040\000t\000w\000o\000\040\000s\000i\000g\000n\000a\000l\000s}{chapter.3}% 7
\BOOKMARK [1][-]{section.3.3}{\376\377\000P\000l\000o\000t\000\040\000w\000a\000r\000p\000i\000n\000g\000\040\000p\000a\000t\000h}{chapter.3}% 8
\BOOKMARK [1][-]{section.3.4}{\376\377\000C\000r\000e\000a\000t\000e\000\040\000m\000u\000l\000t\000i\000p\000l\000e\000\040\000s\000i\000g\000n\000a\000l\000s}{chapter.3}% 9
\BOOKMARK [1][-]{section.3.5}{\376\377\000C\000o\000m\000p\000u\000t\000e\000\040\000t\000h\000e\000\040\000r\000e\000l\000a\000t\000i\000v\000e\000\040\000D\000T\000W\000\040\000d\000i\000s\000t\000a\000n\000c\000e\000\040\000b\000e\000t\000w\000e\000e\000n\000\040\000t\000h\000e\000\040\000s\000i\000g\000n\000a\000l\000s}{chapter.3}% 10
\BOOKMARK [0][-]{chapter.4}{\376\377\000C\000l\000u\000s\000t\000e\000r\000i\000n\000g\000\040\000A\000n\000a\000l\000y\000s\000i\000s}{}% 11
\BOOKMARK [1][-]{section.4.1}{\376\377\000C\000r\000e\000a\000t\000e\000\040\000s\000i\000g\000n\000a\000l\000s\000\040\000f\000o\000r\000\040\000a\000n\000a\000l\000y\000s\000i\000s}{chapter.4}% 12
\BOOKMARK [1][-]{section.4.2}{\376\377\000A\000d\000d\000\040\000n\000o\000i\000s\000e\000\040\000a\000n\000d\000\040\000m\000a\000k\000e\000\040\0003\000\040\000c\000o\000p\000i\000e\000s\000\040\000o\000f\000\040\000e\000a\000c\000h\000\040\000s\000i\000g\000n\000a\000l}{chapter.4}% 13
\BOOKMARK [1][-]{section.4.3}{\376\377\000G\000e\000o\000g\000r\000a\000p\000h\000i\000c\000a\000l\000l\000y\000\040\000d\000i\000s\000t\000r\000i\000b\000u\000t\000e\000\040\000t\000h\000e\000\040\000s\000i\000g\000n\000a\000l\000s}{chapter.4}% 14
\BOOKMARK [1][-]{section.4.4}{\376\377\000R\000e\000s\000h\000u\000f\000f\000l\000e\000\040\000t\000h\000e\000\040\000n\000o\000i\000s\000y\000\040\000s\000i\000g\000n\000a\000l\000s}{chapter.4}% 15
\BOOKMARK [1][-]{section.4.5}{\376\377\000C\000l\000u\000s\000t\000e\000r\000\040\000r\000e\000s\000h\000u\000f\000f\000l\000e\000d\000\040\000s\000i\000g\000n\000a\000l\000s}{chapter.4}% 16
\BOOKMARK [1][-]{section.4.6}{\376\377\000P\000l\000o\000t\000\040\000t\000h\000e\000\040\000g\000e\000o\000g\000r\000a\000p\000h\000i\000c\000a\000l\000\040\000l\000o\000c\000a\000t\000i\000o\000n\000s\000\040\000o\000f\000\040\000t\000h\000e\000\040\000c\000l\000u\000s\000t\000e\000r\000s}{chapter.4}% 17
\BOOKMARK [1][-]{section.4.7}{\376\377\000P\000o\000l\000a\000r\000\040\000d\000e\000n\000d\000r\000o\000g\000r\000a\000m}{chapter.4}% 18
\BOOKMARK [1][-]{section.4.8}{\376\377\000H\000o\000w\000\040\000t\000h\000e\000\040\000D\000T\000W\000\040\000d\000i\000s\000t\000a\000n\000c\000e\000\040\000c\000h\000a\000n\000g\000e\000s\000\040\000w\000i\000t\000h\000\040\000i\000t\000e\000r\000a\000t\000i\000o\000n\000s\000\040\000t\000o\000\040\000o\000b\000t\000a\000i\000n\000\040\000t\000h\000e\000\040\000d\000e\000n\000d\000r\000o\000g\000r\000a\000m\000?}{chapter.4}% 19
\BOOKMARK [1][-]{section.4.9}{\376\377\000E\000u\000c\000l\000i\000d\000e\000a\000n\000\040\000d\000i\000s\000t\000a\000n\000c\000e\000-\000b\000a\000s\000e\000d\000\040\000c\000l\000u\000s\000t\000e\000r}{chapter.4}% 20
\BOOKMARK [0][-]{chapter.5}{\376\377\000d\000t\000w\000h\000a\000c\000l\000u\000s\000t\000e\000r\000i\000n\000g\000.\000a\000n\000a\000l\000y\000s\000i\000s\000\137\000s\000u\000p\000p\000o\000r\000t}{}% 21
\BOOKMARK [0][-]{chapter.6}{\376\377\000d\000t\000w\000h\000a\000c\000l\000u\000s\000t\000e\000r\000i\000n\000g\000.\000p\000l\000o\000t\000\137\000l\000i\000n\000e\000a\000r\000\137\000t\000r\000e\000n\000d}{}% 22
\BOOKMARK [0][-]{chapter.7}{\376\377\000d\000t\000w\000h\000a\000c\000l\000u\000s\000t\000e\000r\000i\000n\000g\000.\000l\000e\000a\000s\000t\000S\000q\000u\000a\000r\000e\000M\000o\000d\000e\000l\000i\000n\000g}{}% 23
\BOOKMARK [0][-]{chapter.8}{\376\377\000d\000t\000w\000h\000a\000c\000l\000u\000s\000t\000e\000r\000i\000n\000g\000.\000d\000t\000w\000\137\000a\000n\000a\000l\000y\000s\000i\000s}{}% 24
\BOOKMARK [0][-]{chapter.9}{\376\377\000d\000t\000w\000h\000a\000c\000l\000u\000s\000t\000e\000r\000i\000n\000g\000.\000p\000l\000o\000t\000\137\000s\000t\000a\000t\000i\000o\000n\000s}{}% 25
\BOOKMARK [0][-]{chapter.10}{\376\377\000I\000n\000d\000i\000c\000e\000s\000\040\000a\000n\000d\000\040\000t\000a\000b\000l\000e\000s}{}% 26
\BOOKMARK [0][-]{section*.41}{\376\377\000P\000y\000t\000h\000o\000n\000\040\000M\000o\000d\000u\000l\000e\000\040\000I\000n\000d\000e\000x}{}% 27
\BOOKMARK [0][-]{section*.42}{\376\377\000I\000n\000d\000e\000x}{}% 28
